0 silly argv {
0 silly argv   _: [ 'version' ],
0 silly argv   lernaVersion: '5.1.6',
0 silly argv   '$0': 'F:\\node\\node_modules\\lerna\\cli.js'
0 silly argv }
1 notice cli v5.1.6
2 verbose rootPath H:\Code\web架构师\arkmorn-cli-dev
3 info current version 1.0.2
4 silly isAnythingCommitted
5 verbose isAnythingCommitted 1
6 silly getCurrentBranch
7 verbose currentBranch master
8 silly remoteBranchExists
9 silly isBehindUpstream
10 error Error: Command failed with exit code 1: git remote update
10 error Connection reset by 20.205.243.166 port 22
10 error fatal: Could not read from remote repository.
10 error
10 error Please make sure you have the correct access rights
10 error and the repository exists.
10 error error: could not fetch origin
10 error Fetching origin
10 error     at makeError (H:\Code\web架构师\arkmorn-cli-dev\node_modules\_execa@5.1.1@execa\lib\error.js:60:11)
10 error     at Function.module.exports.sync (H:\Code\web架构师\arkmorn-cli-dev\node_modules\_execa@5.1.1@execa\index.js:194:17)
10 error     at Object.execSync (H:\Code\web架构师\arkmorn-cli-dev\node_modules\_@lerna_child-process@5.1.6@@lerna\child-process\index.js:39:16)
10 error     at updateRemote (H:\Code\web架构师\arkmorn-cli-dev\node_modules\_@lerna_version@5.1.6@@lerna\version\lib\is-behind-upstream.js:34:16)
10 error     at isBehindUpstream (H:\Code\web架构师\arkmorn-cli-dev\node_modules\_@lerna_version@5.1.6@@lerna\version\lib\is-behind-upstream.js:16:3)
10 error     at VersionCommand.initialize (H:\Code\web架构师\arkmorn-cli-dev\node_modules\_@lerna_version@5.1.6@@lerna\version\index.js:153:9)
